<?xml version="1.0" encoding="UTF-8"?>
<testsuite name="io.HeslingtonHustle.tests.ScoreTest" tests="9" skipped="0" failures="0" errors="0" timestamp="2024-05-15T17:29:45" hostname="LAPTOP-OR03UERC" time="0.01">
  <properties/>
  <testcase name="testFUllGameScore" classname="io.HeslingtonHustle.tests.ScoreTest" time="0.007"/>
  <testcase name="testEat" classname="io.HeslingtonHustle.tests.ScoreTest" time="0.001"/>
  <testcase name="testStudy" classname="io.HeslingtonHustle.tests.ScoreTest" time="0.0"/>
  <testcase name="testMultipleActivities" classname="io.HeslingtonHustle.tests.ScoreTest" time="0.0"/>
  <testcase name="testDoRecActivity" classname="io.HeslingtonHustle.tests.ScoreTest" time="0.001"/>
  <testcase name="testInitialScore" classname="io.HeslingtonHustle.tests.ScoreTest" time="0.0"/>
  <testcase name="testFailedGameScore" classname="io.HeslingtonHustle.tests.ScoreTest" time="0.0"/>
  <testcase name="testCalculateScore" classname="io.HeslingtonHustle.tests.ScoreTest" time="0.0"/>
  <testcase name="testResetDailyCounters" classname="io.HeslingtonHustle.tests.ScoreTest" time="0.0"/>
  <system-out><![CDATA[]]></system-out>
  <system-err><![CDATA[]]></system-err>
</testsuite>
