<?xml version="1.0" encoding="UTF-8"?>
<testsuite name="io.HeslingtonHustle.tests.AssetTests" tests="1" skipped="0" failures="1" errors="0" timestamp="2024-04-29T18:48:14" hostname="LAPTOP-OR03UERC" time="0.014">
  <properties/>
  <testcase name="testBoyAssetExists" classname="io.HeslingtonHustle.tests.AssetTests" time="0.014">
    <failure message="java.lang.AssertionError: Asset for boy idle sprite exists" type="java.lang.AssertionError">java.lang.AssertionError: Asset for boy idle sprite exists
	at org.junit.Assert.fail(Assert.java:89)
	at org.junit.Assert.assertTrue(Assert.java:42)
	at io.HeslingtonHustle.tests.AssetTests.testBoyAssetExists(AssetTests.java:14)
	at java.base/jdk.internal.reflect.DirectMethodHandleAccessor.invoke(DirectMethodHandleAccessor.java:104)
	at java.base/java.lang.reflect.Method.invoke(Method.java:578)
	at org.junit.runners.model.FrameworkMethod$1.runReflectiveCall(FrameworkMethod.java:59)
	at org.junit.internal.runners.model.ReflectiveCallable.run(ReflectiveCallable.java:12)
	at org.junit.runners.model.FrameworkMethod.invokeExplosively(FrameworkMethod.java:56)
	at org.junit.internal.runners.statements.InvokeMethod.evaluate(InvokeMethod.java:17)
	at org.junit.runners.ParentRunner$3.evaluate(ParentRunner.java:306)
	at org.junit.runners.BlockJUnit4ClassRunner$1.evaluate(BlockJUnit4ClassRunner.java:100)
	at org.junit.runners.ParentRunner.runLeaf(ParentRunner.java:366)
	at org.junit.runners.BlockJUnit4ClassRunner.runChild(BlockJUnit4ClassRunner.java:103)
	at io.HeslingtonHustle.tests.GdxTestRunner.render(GdxTestRunner.java:59)
	at com.badlogic.gdx.backends.headless.HeadlessApplication.mainLoop(HeadlessApplication.java:128)
	at com.badlogic.gdx.backends.headless.HeadlessApplication$1.run(HeadlessApplication.java:93)
</failure>
  </testcase>
  <system-out><![CDATA[]]></system-out>
  <system-err><![CDATA[]]></system-err>
</testsuite>
